<?xml version="1.0" encoding="UTF-8"?>
<!-- Generated by org.testng.reporters.JUnitXMLReporter -->
<testsuite ignored="0" hostname="DULMINI" failures="0" tests="5" name="Surefire test" time="38.715" errors="0" timestamp="2026-08-11T13:03:15 IST">
  <testcase classname="com.qa.automation.tests.AddToCartTest" name="addItemToCartTest" time="0.133"/>
  <testcase classname="com.qa.automation.tests.CartContentsTest" name="cartShowsCorrectItemTest" time="0.232"/>
  <testcase classname="com.qa.automation.tests.CheckoutTest" name="validCheckoutTest" time="0.715"/>
  <testcase classname="com.qa.automation.tests.LoginTest" name="invalidPasswordLoginTest" time="0.507"/>
  <testcase classname="com.qa.automation.tests.LoginTest" name="validLoginTest" time="0.457"/>
</testsuite> <!-- Surefire test -->
