<?xml version="1.0" encoding="UTF-8"?>
<!-- Generated by org.testng.reporters.JUnitXMLReporter -->
<testsuite ignored="0" hostname="DULMINI" failures="0" tests="5" name="Surefire test" time="14.028" errors="0" timestamp="2026-08-11T13:09:47 IST">
  <testcase classname="com.qa.automation.tests.AddToCartTest" name="addItemToCartTest" time="0.21"/>
  <testcase classname="com.qa.automation.tests.CartContentsTest" name="cartShowsCorrectItemTest" time="0.174"/>
  <testcase classname="com.qa.automation.tests.CheckoutTest" name="validCheckoutTest" time="0.764"/>
  <testcase classname="com.qa.automation.tests.LoginTest" name="invalidPasswordLoginTest" time="0.392"/>
  <testcase classname="com.qa.automation.tests.LoginTest" name="validLoginTest" time="0.344"/>
</testsuite> <!-- Surefire test -->
