<?xml version="1.0" encoding="UTF-8"?>
<testng-results ignored="0" total="5" passed="5" failed="0" skipped="0">
  <reporter-output>
  </reporter-output>
  <suite started-at="2026-08-11T13:09:33 IST" name="Surefire suite" finished-at="2026-08-11T13:09:47 IST" duration-ms="14028">
    <groups>
    </groups>
    <test started-at="2026-08-11T13:09:33 IST" name="Surefire test" finished-at="2026-08-11T13:09:47 IST" duration-ms="14028">
      <class name="com.qa.automation.tests.CartContentsTest">
        <test-method is-config="true" signature="setUp()[pri:0, instance:com.qa.automation.tests.CartContentsTest@60d8c9b7]" started-at="2026-08-11T13:09:37 IST" name="setUp" finished-at="2026-08-11T13:09:39 IST" duration-ms="2196" status="PASS">
          <reporter-output>
          </reporter-output>
        </test-method> <!-- setUp -->
        <test-method signature="cartShowsCorrectItemTest()[pri:0, instance:com.qa.automation.tests.CartContentsTest@60d8c9b7]" started-at="2026-08-11T13:09:39 IST" name="cartShowsCorrectItemTest" finished-at="2026-08-11T13:09:39 IST" duration-ms="174" status="PASS">
          <reporter-output>
          </reporter-output>
        </test-method> <!-- cartShowsCorrectItemTest -->
        <test-method is-config="true" signature="tearDown()[pri:0, instance:com.qa.automation.tests.CartContentsTest@60d8c9b7]" started-at="2026-08-11T13:09:39 IST" name="tearDown" finished-at="2026-08-11T13:09:39 IST" duration-ms="335" status="PASS">
          <reporter-output>
          </reporter-output>
        </test-method> <!-- tearDown -->
      </class> <!-- com.qa.automation.tests.CartContentsTest -->
      <class name="com.qa.automation.tests.CheckoutTest">
        <test-method is-config="true" signature="setUp()[pri:0, instance:com.qa.automation.tests.CheckoutTest@48aaecc3]" started-at="2026-08-11T13:09:39 IST" name="setUp" finished-at="2026-08-11T13:09:41 IST" duration-ms="1988" status="PASS">
          <reporter-output>
          </reporter-output>
        </test-method> <!-- setUp -->
        <test-method signature="validCheckoutTest()[pri:0, instance:com.qa.automation.tests.CheckoutTest@48aaecc3]" started-at="2026-08-11T13:09:41 IST" name="validCheckoutTest" finished-at="2026-08-11T13:09:42 IST" duration-ms="764" status="PASS">
          <reporter-output>
          </reporter-output>
        </test-method> <!-- validCheckoutTest -->
        <test-method is-config="true" signature="tearDown()[pri:0, instance:com.qa.automation.tests.CheckoutTest@48aaecc3]" started-at="2026-08-11T13:09:42 IST" name="tearDown" finished-at="2026-08-11T13:09:42 IST" duration-ms="201" status="PASS">
          <reporter-output>
          </reporter-output>
        </test-method> <!-- tearDown -->
      </class> <!-- com.qa.automation.tests.CheckoutTest -->
      <class name="com.qa.automation.tests.AddToCartTest">
        <test-method is-config="true" signature="setUp()[pri:0, instance:com.qa.automation.tests.AddToCartTest@1fe20588]" started-at="2026-08-11T13:09:33 IST" name="setUp" finished-at="2026-08-11T13:09:36 IST" duration-ms="2845" status="PASS">
          <reporter-output>
          </reporter-output>
        </test-method> <!-- setUp -->
        <test-method signature="addItemToCartTest()[pri:0, instance:com.qa.automation.tests.AddToCartTest@1fe20588]" started-at="2026-08-11T13:09:36 IST" name="addItemToCartTest" finished-at="2026-08-11T13:09:36 IST" duration-ms="210" status="PASS">
          <reporter-output>
          </reporter-output>
        </test-method> <!-- addItemToCartTest -->
        <test-method is-config="true" signature="tearDown()[pri:0, instance:com.qa.automation.tests.AddToCartTest@1fe20588]" started-at="2026-08-11T13:09:36 IST" name="tearDown" finished-at="2026-08-11T13:09:37 IST" duration-ms="452" status="PASS">
          <reporter-output>
          </reporter-output>
        </test-method> <!-- tearDown -->
      </class> <!-- com.qa.automation.tests.AddToCartTest -->
      <class name="com.qa.automation.tests.LoginTest">
        <test-method is-config="true" signature="setUp()[pri:0, instance:com.qa.automation.tests.LoginTest@7c0c77c7]" started-at="2026-08-11T13:09:42 IST" name="setUp" finished-at="2026-08-11T13:09:44 IST" duration-ms="1408" status="PASS">
          <reporter-output>
          </reporter-output>
        </test-method> <!-- setUp -->
        <test-method signature="invalidPasswordLoginTest()[pri:0, instance:com.qa.automation.tests.LoginTest@7c0c77c7]" started-at="2026-08-11T13:09:44 IST" name="invalidPasswordLoginTest" finished-at="2026-08-11T13:09:44 IST" duration-ms="392" status="PASS">
          <reporter-output>
          </reporter-output>
        </test-method> <!-- invalidPasswordLoginTest -->
        <test-method is-config="true" signature="tearDown()[pri:0, instance:com.qa.automation.tests.LoginTest@7c0c77c7]" started-at="2026-08-11T13:09:44 IST" name="tearDown" finished-at="2026-08-11T13:09:44 IST" duration-ms="251" status="PASS">
          <reporter-output>
          </reporter-output>
        </test-method> <!-- tearDown -->
        <test-method is-config="true" signature="setUp()[pri:0, instance:com.qa.automation.tests.LoginTest@7c0c77c7]" started-at="2026-08-11T13:09:44 IST" name="setUp" finished-at="2026-08-11T13:09:47 IST" duration-ms="2149" status="PASS">
          <reporter-output>
          </reporter-output>
        </test-method> <!-- setUp -->
        <test-method signature="validLoginTest()[pri:0, instance:com.qa.automation.tests.LoginTest@7c0c77c7]" started-at="2026-08-11T13:09:47 IST" name="validLoginTest" finished-at="2026-08-11T13:09:47 IST" duration-ms="344" status="PASS">
          <reporter-output>
          </reporter-output>
        </test-method> <!-- validLoginTest -->
        <test-method is-config="true" signature="tearDown()[pri:0, instance:com.qa.automation.tests.LoginTest@7c0c77c7]" started-at="2026-08-11T13:09:47 IST" name="tearDown" finished-at="2026-08-11T13:09:47 IST" duration-ms="271" status="PASS">
          <reporter-output>
          </reporter-output>
        </test-method> <!-- tearDown -->
      </class> <!-- com.qa.automation.tests.LoginTest -->
    </test> <!-- Surefire test -->
  </suite> <!-- Surefire suite -->
</testng-results>
