<?xml version="1.0" encoding="UTF-8"?>
<!-- Generated by org.testng.reporters.JUnitReportReporter -->
<testsuite hostname="DULMINI" failures="0" tests="2" name="com.qa.automation.tests.LoginTest" time="4.495" errors="0" timestamp="2026-08-11T13:03:15 IST" skipped="0">
  <testcase classname="com.qa.automation.tests.LoginTest" name="invalidPasswordLoginTest" time="2.292"/>
  <testcase classname="com.qa.automation.tests.LoginTest" name="validLoginTest" time="2.203"/>
</testsuite> <!-- com.qa.automation.tests.LoginTest -->
