<?xml version="1.0" encoding="UTF-8"?>
<!-- Generated by org.testng.reporters.JUnitReportReporter -->
<testsuite hostname="DULMINI" failures="0" tests="2" name="com.qa.automation.tests.LoginTest" time="4.815" errors="0" timestamp="2026-08-11T13:09:47 IST" skipped="0">
  <testcase classname="com.qa.automation.tests.LoginTest" name="validLoginTest" time="2.764"/>
  <testcase classname="com.qa.automation.tests.LoginTest" name="invalidPasswordLoginTest" time="2.051"/>
</testsuite> <!-- com.qa.automation.tests.LoginTest -->
